Using pre-set license
Built from '2020.3/staging' branch; Version is '2020.3.11f1 (99c7afb366b3) revision 10078127'; Using compiler version '192528614'; Build Type 'Release'
OS: 'Windows 10 Home; OS build 19043.1110; Version 2009; 64bit' Language: 'en' Physical Memory: 32635 MB
BatchMode: 1, IsHumanControllingUs: 0, StartBugReporterOnCrash: 0, Is64bit: 1, IsPro: 0

 COMMAND LINE ARGUMENTS:
D:\programs\unity\2020.3.11f1\Editor\Unity.exe
-adb2
-batchMode
-noUpm
-name
AssetImportWorker0
-projectPath
D:/projects/unityProjects/3D projects/DNA
-logFile
Logs/AssetImportWorker0.log
-srvPort
49437
Successfully changed project path to: D:/projects/unityProjects/3D projects/DNA
D:/projects/unityProjects/3D projects/DNA
Using Asset Import Pipeline V2.
Refreshing native plugins compatible for Editor in 31.20 ms, found 3 plugins.
Preloading 0 native plugins for Editor in 0.00 ms.
Initialize engine version: 2020.3.11f1 (99c7afb366b3)
[Subsystems] Discovering subsystems at path D:/programs/unity/2020.3.11f1/Editor/Data/Resources/UnitySubsystems
[Subsystems] Discovering subsystems at path D:/projects/unityProjects/3D projects/DNA/Assets
GfxDevice: creating device client; threaded=0
Direct3D:
    Version:  Direct3D 11.0 [level 11.1]
    Renderer: NVIDIA GeForce GTX 1650 Ti (ID=0x1f95)
    Vendor:   
    VRAM:     3962 MB
    Driver:   27.21.14.6611
Initialize mono
Mono path[0] = 'D:/programs/unity/2020.3.11f1/Editor/Data/Managed'
Mono path[1] = 'D:/programs/unity/2020.3.11f1/Editor/Data/MonoBleedingEdge/lib/mono/unityjit'
Mono config path = 'D:/programs/unity/2020.3.11f1/Editor/Data/MonoBleedingEdge/etc'
Using monoOptions --debugger-agent=transport=dt_socket,embedding=1,server=y,suspend=n,address=127.0.0.1:56484
Begin MonoManager ReloadAssembly
Registering precompiled unity dll's ...
Register platform support module: D:/programs/unity/2020.3.11f1/Editor/Data/PlaybackEngines/WebGLSupport/UnityEditor.WebGL.Extensions.dll
Register platform support module: D:/programs/unity/2020.3.11f1/Editor/Data/PlaybackEngines/WindowsStandaloneSupport/UnityEditor.WindowsStandalone.Extensions.dll
Register platform support module: D:/programs/unity/2020.3.11f1/Editor/Data/PlaybackEngines/LuminSupport/UnityEditor.Lumin.Extensions.dll
Registered in 0.001556 seconds.
Native extension for Lumin target not found
Native extension for WindowsStandalone target not found
Native extension for WebGL target not found
Refreshing native plugins compatible for Editor in 34.56 ms, found 3 plugins.
Preloading 0 native plugins for Editor in 0.00 ms.
Mono: successfully reloaded assembly
- Completed reload, in  1.138 seconds
Platform modules already initialized, skipping
Registering precompiled user dll's ...
Registered in 0.002059 seconds.
Begin MonoManager ReloadAssembly
Native extension for Lumin target not found
Native extension for WindowsStandalone target not found
Native extension for WebGL target not found
Refreshing native plugins compatible for Editor in 31.37 ms, found 3 plugins.
Preloading 0 native plugins for Editor in 0.00 ms.
Mono: successfully reloaded assembly
- Completed reload, in  0.887 seconds
Platform modules already initialized, skipping
========================================================================
Worker process is ready to serve import requests
Launched and connected shader compiler UnityShaderCompiler.exe after 0.04 seconds
Refreshing native plugins compatible for Editor in 0.40 ms, found 3 plugins.
Preloading 0 native plugins for Editor in 0.00 ms.
Unloading 2082 Unused Serialized files (Serialized files now loaded: 0)
System memory in use before: 92.9 MB.
System memory in use after: 92.9 MB.

Unloading 33 unused Assets to reduce memory usage. Loaded Objects now: 2516.
Total: 1.801500 ms (FindLiveObjects: 0.162300 ms CreateObjectMapping: 0.067300 ms MarkObjects: 1.477100 ms  DeleteObjects: 0.094000 ms)

========================================================================
Received Import Request.
  path: Assets/DNA.cs
  artifactKey: Guid(cd6f2540af9d4dc4eac858d33190e483) Importer(815301076,1909f56bfc062723c751e8b465ee728b)
Start importing Assets/DNA.cs using Guid(cd6f2540af9d4dc4eac858d33190e483) Importer(815301076,1909f56bfc062723c751e8b465ee728b)  -> (artifact id: 'b66b963b45405f02ef172d8de3ccab73') in 0.056992 seconds
  Import took 0.059513 seconds .

========================================================================
Received Import Request.
  Time since last request: 1222.479112 seconds.
  path: Assets/PopulationManager.cs
  artifactKey: Guid(09bde0cdfb699f7468fe42152a333786) Importer(815301076,1909f56bfc062723c751e8b465ee728b)
Start importing Assets/PopulationManager.cs using Guid(09bde0cdfb699f7468fe42152a333786) Importer(815301076,1909f56bfc062723c751e8b465ee728b)  -> (artifact id: 'e668e00f964d88acfdc841f055b74c04') in 0.006697 seconds
  Import took 0.063570 seconds .

========================================================================
Received Import Request.
  Time since last request: 70.543586 seconds.
  path: Assets/Person.prefab
  artifactKey: Guid(51d6f09c4aada4554a972165211005c2) Importer(815301076,1909f56bfc062723c751e8b465ee728b)
Start importing Assets/Person.prefab using Guid(51d6f09c4aada4554a972165211005c2) Importer(815301076,1909f56bfc062723c751e8b465ee728b)  -> (artifact id: '6ffe461ffcb3928d3d0cfacbfbe36850') in 0.100204 seconds
  Import took 0.103800 seconds .

========================================================================
Received Import Request.
  Time since last request: 0.086888 seconds.
  path: Assets/Person.prefab
  artifactKey: Guid(51d6f09c4aada4554a972165211005c2) Importer(815301076,1909f56bfc062723c751e8b465ee728b)
Start importing Assets/Person.prefab using Guid(51d6f09c4aada4554a972165211005c2) Importer(815301076,1909f56bfc062723c751e8b465ee728b)  -> (artifact id: '6ffe461ffcb3928d3d0cfacbfbe36850') in 0.006955 seconds
  Import took 0.010219 seconds .

========================================================================
Received Prepare
Registering precompiled user dll's ...
Registered in 0.002182 seconds.
Begin MonoManager ReloadAssembly
Native extension for Lumin target not found
Native extension for WindowsStandalone target not found
Native extension for WebGL target not found
Refreshing native plugins compatible for Editor in 0.41 ms, found 3 plugins.
Preloading 0 native plugins for Editor in 0.00 ms.
Mono: successfully reloaded assembly
- Completed reload, in  0.862 seconds
Platform modules already initialized, skipping
Refreshing native plugins compatible for Editor in 0.42 ms, found 3 plugins.
Preloading 0 native plugins for Editor in 0.00 ms.
Unloading 2077 Unused Serialized files (Serialized files now loaded: 0)
System memory in use before: 95.8 MB.
System memory in use after: 95.8 MB.

Unloading 21 unused Assets to reduce memory usage. Loaded Objects now: 2527.
Total: 2.301900 ms (FindLiveObjects: 0.174600 ms CreateObjectMapping: 0.075600 ms MarkObjects: 1.898000 ms  DeleteObjects: 0.153100 ms)

========================================================================
Received Prepare
Registering precompiled user dll's ...
Registered in 0.002042 seconds.
Begin MonoManager ReloadAssembly
Native extension for Lumin target not found
Native extension for WindowsStandalone target not found
Native extension for WebGL target not found
Refreshing native plugins compatible for Editor in 0.42 ms, found 3 plugins.
Preloading 0 native plugins for Editor in 0.00 ms.
Mono: successfully reloaded assembly
- Completed reload, in  0.840 seconds
Platform modules already initialized, skipping
Refreshing native plugins compatible for Editor in 0.40 ms, found 3 plugins.
Preloading 0 native plugins for Editor in 0.00 ms.
Unloading 2077 Unused Serialized files (Serialized files now loaded: 0)
System memory in use before: 95.9 MB.
System memory in use after: 95.9 MB.

Unloading 21 unused Assets to reduce memory usage. Loaded Objects now: 2531.
Total: 1.921700 ms (FindLiveObjects: 0.184600 ms CreateObjectMapping: 0.081600 ms MarkObjects: 1.566800 ms  DeleteObjects: 0.087800 ms)

========================================================================
Received Prepare
Registering precompiled user dll's ...
Registered in 0.002503 seconds.
Begin MonoManager ReloadAssembly
Native extension for Lumin target not found
Native extension for WindowsStandalone target not found
Native extension for WebGL target not found
Refreshing native plugins compatible for Editor in 0.46 ms, found 3 plugins.
Preloading 0 native plugins for Editor in 0.00 ms.
Mono: successfully reloaded assembly
- Completed reload, in  0.987 seconds
Platform modules already initialized, skipping
Refreshing native plugins compatible for Editor in 0.46 ms, found 3 plugins.
Preloading 0 native plugins for Editor in 0.00 ms.
Unloading 2077 Unused Serialized files (Serialized files now loaded: 0)
System memory in use before: 95.9 MB.
System memory in use after: 95.9 MB.

Unloading 21 unused Assets to reduce memory usage. Loaded Objects now: 2535.
Total: 2.477200 ms (FindLiveObjects: 0.182200 ms CreateObjectMapping: 0.085000 ms MarkObjects: 2.051600 ms  DeleteObjects: 0.157700 ms)

========================================================================
Received Prepare
Registering precompiled user dll's ...
Registered in 0.002114 seconds.
Begin MonoManager ReloadAssembly
Native extension for Lumin target not found
Native extension for WindowsStandalone target not found
Native extension for WebGL target not found
Refreshing native plugins compatible for Editor in 0.52 ms, found 3 plugins.
Preloading 0 native plugins for Editor in 0.00 ms.
Mono: successfully reloaded assembly
- Completed reload, in  0.872 seconds
Platform modules already initialized, skipping
Refreshing native plugins compatible for Editor in 0.40 ms, found 3 plugins.
Preloading 0 native plugins for Editor in 0.00 ms.
Unloading 2077 Unused Serialized files (Serialized files now loaded: 0)
System memory in use before: 95.9 MB.
System memory in use after: 95.9 MB.

Unloading 21 unused Assets to reduce memory usage. Loaded Objects now: 2539.
Total: 2.387500 ms (FindLiveObjects: 0.201300 ms CreateObjectMapping: 0.077500 ms MarkObjects: 2.018100 ms  DeleteObjects: 0.089300 ms)

========================================================================
Received Prepare
Registering precompiled user dll's ...
Registered in 0.001986 seconds.
Begin MonoManager ReloadAssembly
Native extension for Lumin target not found
Native extension for WindowsStandalone target not found
Native extension for WebGL target not found
Refreshing native plugins compatible for Editor in 0.40 ms, found 3 plugins.
Preloading 0 native plugins for Editor in 0.00 ms.
Mono: successfully reloaded assembly
- Completed reload, in  0.798 seconds
Platform modules already initialized, skipping
Refreshing native plugins compatible for Editor in 0.41 ms, found 3 plugins.
Preloading 0 native plugins for Editor in 0.00 ms.
Unloading 2077 Unused Serialized files (Serialized files now loaded: 0)
System memory in use before: 96.0 MB.
System memory in use after: 95.9 MB.

Unloading 21 unused Assets to reduce memory usage. Loaded Objects now: 2543.
Total: 2.071700 ms (FindLiveObjects: 0.205200 ms CreateObjectMapping: 0.081300 ms MarkObjects: 1.658700 ms  DeleteObjects: 0.125700 ms)

========================================================================
Received Import Request.
  Time since last request: 461.470106 seconds.
  path: Assets/Scenes
  artifactKey: Guid(fa659515f772fa34496ae4c3a02beba4) Importer(815301076,1909f56bfc062723c751e8b465ee728b)
Start importing Assets/Scenes using Guid(fa659515f772fa34496ae4c3a02beba4) Importer(815301076,1909f56bfc062723c751e8b465ee728b)  -> (artifact id: '0370238f3c3fa73177014f85788ad2e1') in 0.010004 seconds
  Import took 0.014527 seconds .

========================================================================
Received Import Request.
  Time since last request: 0.002710 seconds.
  path: Assets/Scenes
  artifactKey: Guid(fa659515f772fa34496ae4c3a02beba4) Importer(815301076,1909f56bfc062723c751e8b465ee728b)
Start importing Assets/Scenes using Guid(fa659515f772fa34496ae4c3a02beba4) Importer(815301076,1909f56bfc062723c751e8b465ee728b)  -> (artifact id: '0370238f3c3fa73177014f85788ad2e1') in 0.001763 seconds
  Import took 0.005635 seconds .

========================================================================
Received Prepare
Registering precompiled user dll's ...
Registered in 0.002064 seconds.
Begin MonoManager ReloadAssembly
Native extension for Lumin target not found
Native extension for WindowsStandalone target not found
Native extension for WebGL target not found
Refreshing native plugins compatible for Editor in 0.56 ms, found 3 plugins.
Preloading 0 native plugins for Editor in 0.00 ms.
Mono: successfully reloaded assembly
- Completed reload, in  0.927 seconds
Platform modules already initialized, skipping
Refreshing native plugins compatible for Editor in 0.45 ms, found 3 plugins.
Preloading 0 native plugins for Editor in 0.00 ms.
Unloading 2077 Unused Serialized files (Serialized files now loaded: 0)
System memory in use before: 96.0 MB.
System memory in use after: 96.0 MB.

Unloading 21 unused Assets to reduce memory usage. Loaded Objects now: 2547.
Total: 2.281100 ms (FindLiveObjects: 0.224100 ms CreateObjectMapping: 0.095200 ms MarkObjects: 1.862200 ms  DeleteObjects: 0.098600 ms)

========================================================================
Received Prepare
Registering precompiled user dll's ...
Registered in 0.002059 seconds.
Begin MonoManager ReloadAssembly
Native extension for Lumin target not found
Native extension for WindowsStandalone target not found
Native extension for WebGL target not found
Refreshing native plugins compatible for Editor in 0.39 ms, found 3 plugins.
Preloading 0 native plugins for Editor in 0.00 ms.
Mono: successfully reloaded assembly
- Completed reload, in  0.802 seconds
Platform modules already initialized, skipping
Refreshing native plugins compatible for Editor in 0.40 ms, found 3 plugins.
Preloading 0 native plugins for Editor in 0.00 ms.
Unloading 2077 Unused Serialized files (Serialized files now loaded: 0)
System memory in use before: 96.0 MB.
System memory in use after: 96.0 MB.

Unloading 21 unused Assets to reduce memory usage. Loaded Objects now: 2551.
Total: 2.040800 ms (FindLiveObjects: 0.172600 ms CreateObjectMapping: 0.086200 ms MarkObjects: 1.607500 ms  DeleteObjects: 0.173900 ms)

========================================================================
Received Import Request.
  Time since last request: 323.959812 seconds.
  path: Assets/camo.unity
  artifactKey: Guid(089ef80fa8d404bd48bea6ecba4198ce) Importer(815301076,1909f56bfc062723c751e8b465ee728b)
Start importing Assets/camo.unity using Guid(089ef80fa8d404bd48bea6ecba4198ce) Importer(815301076,1909f56bfc062723c751e8b465ee728b)  -> (artifact id: '0dd38cb95db052a5ea7afea2e465d4de') in 0.016642 seconds
  Import took 0.020211 seconds .

========================================================================
Received Import Request.
  Time since last request: 9.288843 seconds.
  path: Assets/Scenes/SampleScene.unity
  artifactKey: Guid(2cda990e2423bbf4892e6590ba056729) Importer(815301076,1909f56bfc062723c751e8b465ee728b)
Start importing Assets/Scenes/SampleScene.unity using Guid(2cda990e2423bbf4892e6590ba056729) Importer(815301076,1909f56bfc062723c751e8b465ee728b)  -> (artifact id: 'aa27944bdea339c97c39027c7eea529c') in 0.006844 seconds
  Import took 0.010523 seconds .

========================================================================
Received Import Request.
  Time since last request: 68.113502 seconds.
  path: Assets/Person.prefab
  artifactKey: Guid(51d6f09c4aada4554a972165211005c2) Importer(815301076,1909f56bfc062723c751e8b465ee728b)
Start importing Assets/Person.prefab using Guid(51d6f09c4aada4554a972165211005c2) Importer(815301076,1909f56bfc062723c751e8b465ee728b)  -> (artifact id: 'a608912ed1d0f97e7e79a00a7f0ed35c') in 0.048516 seconds
  Import took 0.092789 seconds .

========================================================================
Received Import Request.
  Time since last request: 0.107641 seconds.
  path: Assets/Person.prefab
  artifactKey: Guid(51d6f09c4aada4554a972165211005c2) Importer(815301076,1909f56bfc062723c751e8b465ee728b)
Start importing Assets/Person.prefab using Guid(51d6f09c4aada4554a972165211005c2) Importer(815301076,1909f56bfc062723c751e8b465ee728b)  -> (artifact id: 'cdc2ef36f48201a9efb9606e07663b49') in 0.006462 seconds
  Import took 0.009665 seconds .

========================================================================
Received Import Request.
  Time since last request: 128.773400 seconds.
  path: Assets/PopulationManager.cs
  artifactKey: Guid(09bde0cdfb699f7468fe42152a333786) Importer(815301076,1909f56bfc062723c751e8b465ee728b)
Start importing Assets/PopulationManager.cs using Guid(09bde0cdfb699f7468fe42152a333786) Importer(815301076,1909f56bfc062723c751e8b465ee728b)  -> (artifact id: '5b1a3fdce8aaafc4a3a25efd04f9e91b') in 0.006062 seconds
  Import took 0.009721 seconds .

========================================================================
Received Prepare
Registering precompiled user dll's ...
Registered in 0.002234 seconds.
Begin MonoManager ReloadAssembly
Native extension for Lumin target not found
Native extension for WindowsStandalone target not found
Native extension for WebGL target not found
Refreshing native plugins compatible for Editor in 0.41 ms, found 3 plugins.
Preloading 0 native plugins for Editor in 0.00 ms.
Mono: successfully reloaded assembly
- Completed reload, in  0.835 seconds
Platform modules already initialized, skipping
Refreshing native plugins compatible for Editor in 0.45 ms, found 3 plugins.
Preloading 0 native plugins for Editor in 0.00 ms.
Unloading 2077 Unused Serialized files (Serialized files now loaded: 0)
System memory in use before: 96.0 MB.
System memory in use after: 96.0 MB.

Unloading 21 unused Assets to reduce memory usage. Loaded Objects now: 2556.
Total: 2.827900 ms (FindLiveObjects: 0.365600 ms CreateObjectMapping: 0.250800 ms MarkObjects: 2.105300 ms  DeleteObjects: 0.104300 ms)

========================================================================
Received Prepare
Registering precompiled user dll's ...
Registered in 0.002088 seconds.
Begin MonoManager ReloadAssembly
Native extension for Lumin target not found
Native extension for WindowsStandalone target not found
Native extension for WebGL target not found
Refreshing native plugins compatible for Editor in 0.40 ms, found 3 plugins.
Preloading 0 native plugins for Editor in 0.00 ms.
Mono: successfully reloaded assembly
- Completed reload, in  0.843 seconds
Platform modules already initialized, skipping
Refreshing native plugins compatible for Editor in 0.44 ms, found 3 plugins.
Preloading 0 native plugins for Editor in 0.00 ms.
Unloading 2077 Unused Serialized files (Serialized files now loaded: 0)
System memory in use before: 96.0 MB.
System memory in use after: 96.0 MB.

Unloading 21 unused Assets to reduce memory usage. Loaded Objects now: 2560.
Total: 1.977800 ms (FindLiveObjects: 0.160700 ms CreateObjectMapping: 0.066100 ms MarkObjects: 1.628700 ms  DeleteObjects: 0.121400 ms)

========================================================================
Received Prepare
Registering precompiled user dll's ...
Registered in 0.001967 seconds.
Begin MonoManager ReloadAssembly
Native extension for Lumin target not found
Native extension for WindowsStandalone target not found
Native extension for WebGL target not found
Refreshing native plugins compatible for Editor in 0.42 ms, found 3 plugins.
Preloading 0 native plugins for Editor in 0.00 ms.
Mono: successfully reloaded assembly
- Completed reload, in  0.813 seconds
Platform modules already initialized, skipping
Refreshing native plugins compatible for Editor in 0.40 ms, found 3 plugins.
Preloading 0 native plugins for Editor in 0.00 ms.
Unloading 2077 Unused Serialized files (Serialized files now loaded: 0)
System memory in use before: 96.0 MB.
System memory in use after: 96.0 MB.

Unloading 21 unused Assets to reduce memory usage. Loaded Objects now: 2564.
Total: 1.966600 ms (FindLiveObjects: 0.190300 ms CreateObjectMapping: 0.081500 ms MarkObjects: 1.599700 ms  DeleteObjects: 0.093500 ms)

========================================================================
Received Import Request.
  Time since last request: 4670.074567 seconds.
  path: Assets/Scripts
  artifactKey: Guid(31005d66af8bf0b41b70a32a45751c87) Importer(815301076,1909f56bfc062723c751e8b465ee728b)
Start importing Assets/Scripts using Guid(31005d66af8bf0b41b70a32a45751c87) Importer(815301076,1909f56bfc062723c751e8b465ee728b)  -> (artifact id: 'ceabf75acd36d0a09e0d2eacc7e8b7a1') in 0.008693 seconds
  Import took 0.012341 seconds .

========================================================================
Received Import Request.
  Time since last request: 8.133647 seconds.
  path: Assets/Scripts/New Folder
  artifactKey: Guid(2dc275e91bc0d5246b8e9c237414f979) Importer(815301076,1909f56bfc062723c751e8b465ee728b)
Start importing Assets/Scripts/New Folder using Guid(2dc275e91bc0d5246b8e9c237414f979) Importer(815301076,1909f56bfc062723c751e8b465ee728b)  -> (artifact id: '064f516524fc417b6da85b3f3ec08a35') in 0.005855 seconds
  Import took 0.009403 seconds .

========================================================================
Received Import Request.
  Time since last request: 4.534783 seconds.
  path: Assets/DNA.cs
  artifactKey: Guid(cd6f2540af9d4dc4eac858d33190e483) Importer(815301076,1909f56bfc062723c751e8b465ee728b)
Start importing Assets/DNA.cs using Guid(cd6f2540af9d4dc4eac858d33190e483) Importer(815301076,1909f56bfc062723c751e8b465ee728b)  -> (artifact id: 'e809ff6879166928796410a2a11af286') in 0.005076 seconds
  Import took 0.008464 seconds .

========================================================================
Received Import Request.
  Time since last request: 3.735915 seconds.
  path: Assets/PopulationManager.cs
  artifactKey: Guid(09bde0cdfb699f7468fe42152a333786) Importer(815301076,1909f56bfc062723c751e8b465ee728b)
Start importing Assets/PopulationManager.cs using Guid(09bde0cdfb699f7468fe42152a333786) Importer(815301076,1909f56bfc062723c751e8b465ee728b)  -> (artifact id: '90157e7b8a46e5c0a34173cc3b329b7e') in 0.006052 seconds
  Import took 0.009658 seconds .

========================================================================
Received Prepare
Registering precompiled user dll's ...
Registered in 0.002238 seconds.
Begin MonoManager ReloadAssembly
Native extension for Lumin target not found
Native extension for WindowsStandalone target not found
Native extension for WebGL target not found
Refreshing native plugins compatible for Editor in 0.43 ms, found 3 plugins.
Preloading 0 native plugins for Editor in 0.00 ms.
Mono: successfully reloaded assembly
- Completed reload, in  0.815 seconds
Platform modules already initialized, skipping
Refreshing native plugins compatible for Editor in 0.40 ms, found 3 plugins.
Preloading 0 native plugins for Editor in 0.00 ms.
Unloading 2077 Unused Serialized files (Serialized files now loaded: 0)
System memory in use before: 96.0 MB.
System memory in use after: 96.0 MB.

Unloading 21 unused Assets to reduce memory usage. Loaded Objects now: 2568.
Total: 1.946600 ms (FindLiveObjects: 0.185700 ms CreateObjectMapping: 0.079500 ms MarkObjects: 1.588500 ms  DeleteObjects: 0.092100 ms)

AssetImportWorkerClient::OnTransportError - code=2 error=End of file
